<?xml version="1.0" encoding="UTF-8"?>
<!-- Generated by org.testng.reporters.JUnitXMLReporter -->
<testsuite ignored="0" hostname="TYC0921363" failures="1" tests="17" name="Test" time="164.446" errors="0" timestamp="2022-02-10T01:08:10 PST">
  <testcase classname="test_scripts.TC06" name="Resume" time="0.532"/>
  <testcase classname="test_scripts.TC07" name="TC14" time="4.745">
    <failure type="org.testng.internal.reflect.MethodMatcherException" message="
[public void test_scripts.TC07.TC14(java.lang.String) throws java.lang.InterruptedException] has no parameters defined but was found to be using a data provider (either explicitly specified or inherited from class level annotation).
Data provider mismatch
Method: TC14([Parameter{index=0, type=java.lang.String, declaredAnnotations=[]}])
Arguments: [(java.lang.String) likhitha,(java.lang.String) vjkggvnb]">
      <![CDATA[org.testng.internal.reflect.MethodMatcherException: 
[public void test_scripts.TC07.TC14(java.lang.String) throws java.lang.InterruptedException] has no parameters defined but was found to be using a data provider (either explicitly specified or inherited from class level annotation).
Data provider mismatch
Method: TC14([Parameter{index=0, type=java.lang.String, declaredAnnotations=[]}])
Arguments: [(java.lang.String) likhitha,(java.lang.String) vjkggvnb]
at java.base/java.util.ArrayList.forEach(ArrayList.java:1511)
... Removed 22 stack frames]]>
    </failure>
  </testcase> <!-- TC14 -->
  <testcase classname="test_scripts.TC15" name="TC_15" time="2.304"/>
  <testcase classname="test_scripts.TC04" name="Resume" time="0.1"/>
  <testcase classname="test_scripts.TC16" name="TC" time="13.16"/>
  <testcase classname="test_scripts.TC05" name="Resume" time="0.09"/>
  <testcase classname="test_scripts.SampleTestScript" name="testCase" time="0.001"/>
  <testcase classname="test_scripts.TC08" name="TC14" time="0.374"/>
  <testcase classname="test_scripts.TC09" name="TC14" time="4.236"/>
  <testcase classname="test_scripts.TC10" name="Tc" time="0.821"/>
  <testcase classname="test_scripts.TC13" name="Resume" time="2.391"/>
  <testcase classname="test_scripts.TC02" name="Resume1" time="0.075"/>
  <testcase classname="test_scripts.TC14" name="Resume" time="0.512"/>
  <testcase classname="test_scripts.TC03" name="Resume3" time="0.101"/>
  <testcase classname="test_scripts.TC11" name="Resume" time="0.318"/>
  <testcase classname="test_scripts.TC12" name="Resume" time="0.369"/>
  <testcase classname="test_scripts.TC01" name="Resume" time="0.076"/>
</testsuite> <!-- Test -->
